2019-03-27 19:54:08,449 POST Data (fasttrack.cuchd.in):
{Type:''}
2019-03-27 19:54:09,103 POST Data (fasttrack.cuchd.in):
{Type:''}
2019-03-27 19:54:13,960 POST Data (fasttrack.cuchd.in):
{Email:'r'}
2019-03-27 19:54:14,104 POST Data (fasttrack.cuchd.in):
{Email:'rio'}
2019-03-27 19:54:14,105 POST Data (fasttrack.cuchd.in):
{Email:'rioj'}
2019-03-27 19:54:14,167 POST Data (fasttrack.cuchd.in):
{Email:'riojf'}
2019-03-27 19:54:14,627 POST Data (fasttrack.cuchd.in):
{Email:'riojfl'}
2019-03-27 19:54:14,774 POST Data (fasttrack.cuchd.in):
{Email:'riojfle'}
2019-03-27 19:54:14,791 POST Data (fasttrack.cuchd.in):
{Email:'riojfler'}
2019-03-27 19:54:14,803 POST Data (fasttrack.cuchd.in):
{Email:'riojflergw'}
2019-03-27 19:54:15,347 POST Data (fasttrack.cuchd.in):
{Email:'riojflergwrei'}
2019-03-27 19:54:15,380 POST Data (fasttrack.cuchd.in):
{Email:'riojflergwreio'}
2019-03-27 19:54:15,408 POST Data (fasttrack.cuchd.in):
{Email:'riojflergwreioj'}
2019-03-27 19:54:15,416 POST Data (fasttrack.cuchd.in):
{Email:'riojflergwreiojk'}
2019-03-27 19:54:15,460 POST Data (fasttrack.cuchd.in):
{Email:'riojflergwreiojkt'}
2019-03-27 19:54:16,244 POST Data (fasttrack.cuchd.in):
{Email:'riojflergwreiojktg'}
2019-03-27 19:54:16,246 POST Data (fasttrack.cuchd.in):
{Email:'riojflergwreiojktgr'}
2019-03-27 19:54:16,247 POST Data (fasttrack.cuchd.in):
{Email:'riojflergwreiojktgrwe'}
2019-03-27 19:54:17,539 POST Data (fasttrack.cuchd.in):
{Discipline:'Basic Sciences'}
2019-03-27 19:55:10,300 POST Data (fasttrack.cuchd.in):
{ 'Prefix': 'rew'}
2019-03-27 19:55:10,905 POST Data (fasttrack.cuchd.in):
{ 'Prefix': 'rewa'}
2019-03-27 19:55:11,254 POST Data (fasttrack.cuchd.in):
{ 'Prefix': 'rewar'}
2019-03-27 19:55:11,878 POST Data (fasttrack.cuchd.in):
{ 'Prefix': 'rewari'}
2019-03-27 19:55:23,548 POST Data (fasttrack.cuchd.in):
{Mobile:'9'}
2019-03-27 19:55:23,761 POST Data (fasttrack.cuchd.in):
{Mobile:'99'}
2019-03-27 19:55:24,198 POST Data (fasttrack.cuchd.in):
{Mobile:'991'}
2019-03-27 19:55:24,395 POST Data (fasttrack.cuchd.in):
{Mobile:'9915'}
2019-03-27 19:55:24,796 POST Data (fasttrack.cuchd.in):
{Mobile:'99158'}
2019-03-27 19:55:24,974 POST Data (fasttrack.cuchd.in):
{Mobile:'991585'}
2019-03-27 19:55:25,388 POST Data (fasttrack.cuchd.in):
{Mobile:'9915854'}
2019-03-27 19:55:25,443 POST Data (fasttrack.cuchd.in):
{Mobile:'99158542'}
2019-03-27 19:55:25,684 POST Data (fasttrack.cuchd.in):
{Mobile:'991585424'}
2019-03-27 19:55:26,030 POST Data (fasttrack.cuchd.in):
{Mobile:'9915854242'}
2019-03-27 19:55:32,708 POST Data (fasttrack.cuchd.in):
{Email:'v'}
2019-03-27 19:55:32,769 POST Data (fasttrack.cuchd.in):
{Email:'vi'}
2019-03-27 19:55:32,934 POST Data (fasttrack.cuchd.in):
{Email:'vir'}
2019-03-27 19:55:33,018 POST Data (fasttrack.cuchd.in):
{Email:'viru'}
2019-03-27 19:55:33,449 POST Data (fasttrack.cuchd.in):
{Email:'virut'}
2019-03-27 19:55:33,449 POST Data (fasttrack.cuchd.in):
{Email:'viruty'}
2019-03-27 19:55:33,449 POST Data (fasttrack.cuchd.in):
{Email:'virutya'}
2019-03-27 19:55:33,481 POST Data (fasttrack.cuchd.in):
{Email:'virutyai'}
2019-03-27 19:55:33,538 POST Data (fasttrack.cuchd.in):
{Email:'virutyaig'}
2019-03-27 19:55:33,662 POST Data (fasttrack.cuchd.in):
{Email:'virutyaig9'}
2019-03-27 19:55:34,604 POST Data (fasttrack.cuchd.in):
{Email:'virutyaig'}
2019-03-27 19:55:34,633 POST Data (fasttrack.cuchd.in):
{Email:'virutyai'}
2019-03-27 19:55:35,430 POST Data (fasttrack.cuchd.in):
{Email:'virutya'}
2019-03-27 19:55:36,048 POST Data (fasttrack.cuchd.in):
{Email:'virutyag'}
2019-03-27 19:55:36,650 POST Data (fasttrack.cuchd.in):
{Email:'virutyagi'}
2019-03-27 19:55:36,792 POST Data (fasttrack.cuchd.in):
{Email:'virutyagi9'}
2019-03-27 19:55:37,699 POST Data (fasttrack.cuchd.in):
{Email:'virutyagi9@'}
2019-03-27 19:55:37,845 POST Data (fasttrack.cuchd.in):
{Email:'virutyagi9@g'}
2019-03-27 19:55:38,096 POST Data (fasttrack.cuchd.in):
{Email:'virutyagi9@gm'}
2019-03-27 19:55:38,174 POST Data (fasttrack.cuchd.in):
{Email:'virutyagi9@gma'}
2019-03-27 19:55:38,236 POST Data (fasttrack.cuchd.in):
{Email:'virutyagi9@gmai'}
2019-03-27 19:55:38,445 POST Data (fasttrack.cuchd.in):
{Email:'virutyagi9@gmail'}
2019-03-27 19:55:38,628 POST Data (fasttrack.cuchd.in):
{Email:'virutyagi9@gmail.'}
2019-03-27 19:55:38,753 POST Data (fasttrack.cuchd.in):
{Email:'virutyagi9@gmail.c'}
2019-03-27 19:55:38,913 POST Data (fasttrack.cuchd.in):
{Email:'virutyagi9@gmail.co'}
2019-03-27 19:55:39,112 POST Data (fasttrack.cuchd.in):
{Email:'virutyagi9@gmail.com'}
2019-03-27 19:55:41,617 POST Data (fasttrack.cuchd.in):
{Name:'rweghrg',Gender:'',Day:'14',Month:'09',Year:'1989',EmailId:'virutyagi9@gmail.com',Mobile:'9915854242',ProgramInterested:'Basic Sciences',Program:'SE201',source:'',City:'4563',isMobile:'pc',PreviousUrl:'',IsLeet:'0',Type:''}
2019-03-27 19:56:06,256 POST Data (fasttrack.cuchd.in):
{Type:''}
2019-03-27 19:56:06,257 POST Data (fasttrack.cuchd.in):
{Type:''}
2019-03-27 19:56:19,476 POST Data (fasttrack.cuchd.in):
{Email:'virutyagi9@gmail.com',Password:'Ds@1603'}
2019-03-27 19:56:29,396 POST Data (fasttrack.cuchd.in):
{Email:'virutyagi9@gmail.com',Password:'fghyuikhl'}
2019-03-27 19:56:39,934 POST Data (fasttrack.cuchd.in):
{Email:'virutyagi9@gmail.com',Password:'fghyuikhl'}
2019-03-27 19:56:40,387 POST Data (fasttrack.cuchd.in):
{Email:'virutyagi9@gmail.com',Password:'fghyuikhl'}
2019-03-27 19:58:05,736 SECURE POST Data (uims.cuchd.in):
__EVENTTARGET=&__EVENTARGUMENT=&__VIEWSTATE=8iba2gcEmchhfOdI1trvSV7z7TD4htf%2FBTMhpqLOyEnLm84%2FIdpqZM0eFDbbABjBjKwNNNeYHPZvVNK1T67DmLcELzhF%2BJ52FhlBf66X%2BrA8OHtRZg50pMn6bXXQ7W9SXuO6YtBOJxFwldvLGDTckd%2FBEJNfz1BKujT4r3Oc9zN5JrcpbXwEHNK1i7fUQ9asJe790atj%2B8oNP930NZKaefHFrS5ml7jLvLrYKlowaXACLCg75zALw99Z5mnXReD83XtE%2F7sTU%2BF1%2BRCCJLSDUg%3D%3D&__VIEWSTATEGENERATOR=1C2FDB7C&hfcurrentbackground=M2VnMabQF05CvwxLgTBpIA%3D%3D&hfdata=&txtUserId=17BET1052&btnNext=NEXT
2019-03-27 19:58:45,511 POST Data (fasttrack.cuchd.in):
{Email:'virutyagi9@gmail.com',Password:'fghyuikhl'}
